
// ==========================================================================
//  GPPG error listing for yacc source file <SimpleYacc.y - 01.10.2018 19:52:03>
// ==========================================================================
//  Version:  1.5.0
//  Machine:  DESKTOP-T5P0M2C
//  DateTime: 01.10.2018 19:52:09
//  UserName: Alex
// ==========================================================================


%{
// Ýòè îáúÿâëåíèÿ äîáàâëÿþòñÿ â êëàññ GPPGParser, ïðåäñòàâëÿþùèé ñîáîé ïàðñåð, ãåíåðèðóåìûé ñèñòåìîé gppg
    public Parser(AbstractScanner<int, LexLocation> scanner) : base(scanner) { }
%}

%output = SimpleYacc.cs

%namespace SimpleParser

%token BEGIN END CYCLE INUM RNUM ID ASSIGN SEMICOLON WHILE DO REPEAT UNTIL FOR TO WRITE OPENBRACKET CLOSEBRACKET IF THEN ELSE VAR COMMA

%%

progr   : block
		;

stlist	: statement 
		| stlist SEMICOLON statement 
		;

statement: assign
		| block  
		| cycle  
		| while
		| repeat
		| for
		| write
		| if
		| var
		;

ident 	: ID 
		;
	
assign 	: ident ASSIGN expr 
		;

expr	: ident  
		| INUM 
		;

block	: BEGIN stlist END 
		;

cycle	: CYCLE expr statement 
		;

while	: WHILE expr DO statement
		;

repeat	: REPEAT stlist UNTIL expr
		;

for		: FOR ID ASSIGN expr TO expr DO statement
		;

write	: WRITE OPENBRACKET expr CLOSEBRACKET
		;

if		: IF expr THEN statement
		| IF expr THEN statement ELSE statement
		;

partvar	: ID
		| partvar COMMA ID

var		: VAR partvar
// Error: Syntax error, unexpected anchoredSymbol
// ----------------------------------------------
		;

%%
// ==========================================================================

